<?xml version="1.0" encoding="UTF-8"?>
<!-- Generated by org.testng.reporters.JUnitXMLReporter -->
<testsuite ignored="0" hostname="DESKTOP-8S195GN" failures="0" tests="2" name="edgeTest" time="0.479" errors="0" timestamp="2025-11-03T17:03:01 IST">
  <testcase classname="testCases.Test_01_Resistration" name="testResgistration" time="0.0">
    <skipped/>
  </testcase> <!-- testResgistration -->
  <testcase classname="testCases.Test_01_Login" name="verifyLogin" time="0.0">
    <skipped/>
  </testcase> <!-- verifyLogin -->
</testsuite> <!-- edgeTest -->
