<?xml version="1.0" encoding="UTF-8"?>
<!-- Generated by org.testng.reporters.JUnitXMLReporter -->
<testsuite ignored="0" hostname="DESKTOP-8S195GN" failures="0" tests="3" name="master" time="58.893" errors="0" timestamp="2025-11-06T16:55:30 IST">
  <testcase classname="testCases.Test_01_LoginDataDriven" name="verifyLogin" time="14.713"/>
  <testcase classname="testCases.Test_01_LoginDataDriven" name="verifyLogin" time="13.826"/>
  <testcase classname="testCases.Test_01_LoginDataDriven" name="verifyLogin" time="8.529"/>
</testsuite> <!-- master -->
