<?xml version="1.0" encoding="UTF-8"?>
<!-- Generated by org.testng.reporters.JUnitXMLReporter -->
<testsuite ignored="0" hostname="DESKTOP-8S195GN" failures="0" tests="34" name="master" time="294.309" errors="0" timestamp="2025-11-08T17:28:38 IST">
  <testcase classname="testCases.Test_01_LoginDataDriven" name="verifyLogin" time="17.077"/>
  <testcase classname="testCases.Test_01_LoginDataDriven" name="verifyLogin" time="10.134"/>
  <testcase classname="testCases.Test_01_LoginDataDriven" name="verifyLogin" time="7.692"/>
  <testcase classname="testCases.Test_01_LoginDataDriven" name="verifyLogin" time="8.615"/>
  <testcase classname="testCases.Test_01_LoginDataDriven" name="verifyLogin" time="10.166"/>
  <testcase classname="testCases.Test_01_LoginDataDriven" name="verifyLogin" time="9.232"/>
  <testcase classname="testCases.Test_01_LoginDataDriven" name="verifyLogin" time="11.126"/>
  <testcase classname="testCases.Test_01_LoginDataDriven" name="verifyLogin" time="8.265"/>
  <testcase classname="testCases.Test_01_LoginDataDriven" name="verifyLogin" time="8.059"/>
  <testcase classname="testCases.Test_01_LoginDataDriven" name="verifyLogin" time="7.83"/>
  <testcase classname="testCases.Test_01_LoginDataDriven" name="verifyLogin" time="7.114"/>
  <testcase classname="testCases.Test_01_LoginDataDriven" name="verifyLogin" time="7.459"/>
  <testcase classname="testCases.Test_01_LoginDataDriven" name="verifyLogin" time="7.825"/>
  <testcase classname="testCases.Test_01_LoginDataDriven" name="verifyLogin" time="10.472"/>
  <testcase classname="testCases.Test_01_LoginDataDriven" name="verifyLogin" time="9.279"/>
  <testcase classname="testCases.Test_01_LoginDataDriven" name="verifyLogin" time="9.613"/>
  <testcase classname="testCases.Test_01_LoginDataDriven" name="verifyLogin" time="9.475"/>
  <testcase classname="testCases.Test_01_LoginDataDriven" name="verifyLogin" time="8.328"/>
  <testcase classname="testCases.Test_01_LoginDataDriven" name="verifyLogin" time="7.513"/>
  <testcase classname="testCases.Test_01_LoginDataDriven" name="verifyLogin" time="7.535"/>
  <testcase classname="testCases.Test_01_LoginDataDriven" name="verifyLogin" time="9.347"/>
  <testcase classname="testCases.Test_01_LoginDataDriven" name="verifyLogin" time="6.876"/>
  <testcase classname="testCases.Test_01_LoginDataDriven" name="verifyLogin" time="7.276"/>
  <testcase classname="testCases.Test_01_LoginDataDriven" name="verifyLogin" time="7.721"/>
  <testcase classname="testCases.Test_01_LoginDataDriven" name="verifyLogin" time="8.03"/>
  <testcase classname="testCases.Test_01_LoginDataDriven" name="verifyLogin" time="7.492"/>
  <testcase classname="testCases.Test_01_LoginDataDriven" name="verifyLogin" time="8.005"/>
  <testcase classname="testCases.Test_01_LoginDataDriven" name="verifyLogin" time="7.77"/>
  <testcase classname="testCases.Test_01_LoginDataDriven" name="verifyLogin" time="6.863"/>
  <testcase classname="testCases.Test_01_LoginDataDriven" name="verifyLogin" time="5.25"/>
  <testcase classname="testCases.Test_01_LoginDataDriven" name="verifyLogin" time="5.438"/>
  <testcase classname="testCases.Test_01_LoginDataDriven" name="verifyLogin" time="6.645"/>
  <testcase classname="testCases.Test_01_LoginDataDriven" name="verifyLogin" time="6.292"/>
  <testcase classname="testCases.Test_01_LoginDataDriven" name="verifyLogin" time="5.519"/>
</testsuite> <!-- master -->
