<?xml version="1.0" encoding="UTF-8"?>
<testng-results ignored="0" total="1" passed="1" failed="0" skipped="0">
  <reporter-output>
  </reporter-output>
  <suite started-at="2025-11-19T20:08:40 IST" name="Suite" finished-at="2025-11-19T20:09:15 IST" duration-ms="34354">
    <groups>
    </groups>
    <test started-at="2025-11-19T20:08:40 IST" name="master" finished-at="2025-11-19T20:09:15 IST" duration-ms="34354">
      <class name="testCases.Test_01_Resistration">
        <test-method is-config="true" signature="setup(java.lang.String)[pri:0, instance:testCases.Test_01_Resistration@4d1c00d0]" started-at="2025-11-19T20:08:41 IST" name="setup" finished-at="2025-11-19T20:08:54 IST" duration-ms="13317" status="PASS">
          <params>
            <param index="0">
              <value>
                <![CDATA[chrome]]>
              </value>
            </param>
          </params>
          <reporter-output>
          </reporter-output>
        </test-method> <!-- setup -->
        <test-method signature="testResgistration()[pri:0, instance:testCases.Test_01_Resistration@4d1c00d0]" started-at="2025-11-19T20:08:54 IST" name="testResgistration" finished-at="2025-11-19T20:09:14 IST" duration-ms="20203" status="PASS">
          <reporter-output>
          </reporter-output>
        </test-method> <!-- testResgistration -->
        <test-method is-config="true" signature="tearDown()[pri:0, instance:testCases.Test_01_Resistration@4d1c00d0]" started-at="2025-11-19T20:09:14 IST" name="tearDown" finished-at="2025-11-19T20:09:15 IST" duration-ms="486" status="PASS">
          <reporter-output>
          </reporter-output>
        </test-method> <!-- tearDown -->
      </class> <!-- testCases.Test_01_Resistration -->
    </test> <!-- master -->
  </suite> <!-- Suite -->
</testng-results>
