<?xml version="1.0" encoding="UTF-8"?>
<testng-results ignored="0" total="3" passed="3" failed="0" skipped="0">
  <reporter-output>
  </reporter-output>
  <suite started-at="2025-11-06T16:54:31 IST" name="Suite" finished-at="2025-11-06T16:55:30 IST" duration-ms="58893">
    <groups>
    </groups>
    <test started-at="2025-11-06T16:54:31 IST" name="master" finished-at="2025-11-06T16:55:30 IST" duration-ms="58893">
      <class name="testCases.Test_01_LoginDataDriven">
        <test-method is-config="true" signature="setup(java.lang.String)[pri:0, instance:testCases.Test_01_LoginDataDriven@4d1c00d0]" started-at="2025-11-06T16:54:31 IST" name="setup" finished-at="2025-11-06T16:54:50 IST" duration-ms="19051" status="PASS">
          <params>
            <param index="0">
              <value>
                <![CDATA[chrome]]>
              </value>
            </param>
          </params>
          <reporter-output>
          </reporter-output>
        </test-method> <!-- setup -->
        <test-method signature="verifyLogin(java.lang.String,java.lang.String,java.lang.String)[pri:0, instance:testCases.Test_01_LoginDataDriven@4d1c00d0]" started-at="2025-11-06T16:54:52 IST" name="verifyLogin" data-provider="LoginData" finished-at="2025-11-06T16:55:07 IST" duration-ms="14713" status="PASS">
          <params>
            <param index="0">
              <value>
                <![CDATA[VHAjabd]]>
              </value>
            </param>
            <param index="1">
              <value>
                <![CDATA[INIndin]]>
              </value>
            </param>
            <param index="2">
              <value>
                <![CDATA[Invalid]]>
              </value>
            </param>
          </params>
          <reporter-output>
          </reporter-output>
        </test-method> <!-- verifyLogin -->
        <test-method signature="verifyLogin(java.lang.String,java.lang.String,java.lang.String)[pri:0, instance:testCases.Test_01_LoginDataDriven@4d1c00d0]" started-at="2025-11-06T16:55:07 IST" name="verifyLogin" data-provider="LoginData" finished-at="2025-11-06T16:55:21 IST" duration-ms="13826" status="PASS">
          <params>
            <param index="0">
              <value>
                <![CDATA[VdHlP]]>
              </value>
            </param>
            <param index="1">
              <value>
                <![CDATA[iLmeL809]]>
              </value>
            </param>
            <param index="2">
              <value>
                <![CDATA[Valid]]>
              </value>
            </param>
          </params>
          <reporter-output>
          </reporter-output>
        </test-method> <!-- verifyLogin -->
        <test-method signature="verifyLogin(java.lang.String,java.lang.String,java.lang.String)[pri:0, instance:testCases.Test_01_LoginDataDriven@4d1c00d0]" started-at="2025-11-06T16:55:21 IST" name="verifyLogin" data-provider="LoginData" finished-at="2025-11-06T16:55:29 IST" duration-ms="8529" status="PASS">
          <params>
            <param index="0">
              <value>
                <![CDATA[Zik@mail.com]]>
              </value>
            </param>
            <param index="1">
              <value>
                <![CDATA[Zik123]]>
              </value>
            </param>
            <param index="2">
              <value>
                <![CDATA[Invalid]]>
              </value>
            </param>
          </params>
          <reporter-output>
          </reporter-output>
        </test-method> <!-- verifyLogin -->
        <test-method is-config="true" signature="tearDown()[pri:0, instance:testCases.Test_01_LoginDataDriven@4d1c00d0]" started-at="2025-11-06T16:55:29 IST" name="tearDown" finished-at="2025-11-06T16:55:30 IST" duration-ms="430" status="PASS">
          <reporter-output>
          </reporter-output>
        </test-method> <!-- tearDown -->
      </class> <!-- testCases.Test_01_LoginDataDriven -->
    </test> <!-- master -->
  </suite> <!-- Suite -->
</testng-results>
