<?xml version="1.0" encoding="UTF-8"?>
<!-- Generated by org.testng.reporters.JUnitReportReporter -->
<testsuite hostname="DESKTOP-8S195GN" failures="0" tests="3" name="testCases.Test_01_LoginDataDriven" time="37.068" errors="0" timestamp="2025-11-06T16:55:30 IST" skipped="0">
  <testcase classname="testCases.Test_01_LoginDataDriven" name="verifyLogin" time="13.826"/>
  <testcase classname="testCases.Test_01_LoginDataDriven" name="verifyLogin" time="8.529"/>
  <testcase classname="testCases.Test_01_LoginDataDriven" name="verifyLogin" time="14.713"/>
</testsuite> <!-- testCases.Test_01_LoginDataDriven -->
