<?xml version="1.0" encoding="UTF-8"?>
<!-- Generated by org.testng.reporters.JUnitReportReporter -->
<testsuite hostname="DESKTOP-8S195GN" failures="0" tests="30" name="testCases.Test_001_RegisterDDT" time="369.834" errors="0" timestamp="2025-11-08T16:58:03 IST" skipped="0">
  <testcase classname="testCases.Test_001_RegisterDDT" name="testResgistration" time="15.177"/>
  <testcase classname="testCases.Test_001_RegisterDDT" name="testResgistration" time="13.060"/>
  <testcase classname="testCases.Test_001_RegisterDDT" name="testResgistration" time="12.261"/>
  <testcase classname="testCases.Test_001_RegisterDDT" name="testResgistration" time="23.218"/>
  <testcase classname="testCases.Test_001_RegisterDDT" name="testResgistration" time="11.382"/>
  <testcase classname="testCases.Test_001_RegisterDDT" name="testResgistration" time="12.527"/>
  <testcase classname="testCases.Test_001_RegisterDDT" name="testResgistration" time="11.026"/>
  <testcase classname="testCases.Test_001_RegisterDDT" name="testResgistration" time="10.750"/>
  <testcase classname="testCases.Test_001_RegisterDDT" name="testResgistration" time="10.814"/>
  <testcase classname="testCases.Test_001_RegisterDDT" name="testResgistration" time="12.066"/>
  <testcase classname="testCases.Test_001_RegisterDDT" name="testResgistration" time="11.867"/>
  <testcase classname="testCases.Test_001_RegisterDDT" name="testResgistration" time="9.912"/>
  <testcase classname="testCases.Test_001_RegisterDDT" name="testResgistration" time="12.652"/>
  <testcase classname="testCases.Test_001_RegisterDDT" name="testResgistration" time="11.613"/>
  <testcase classname="testCases.Test_001_RegisterDDT" name="testResgistration" time="11.905"/>
  <testcase classname="testCases.Test_001_RegisterDDT" name="testResgistration" time="14.076"/>
  <testcase classname="testCases.Test_001_RegisterDDT" name="testResgistration" time="11.614"/>
  <testcase classname="testCases.Test_001_RegisterDDT" name="testResgistration" time="10.550"/>
  <testcase classname="testCases.Test_001_RegisterDDT" name="testResgistration" time="12.892"/>
  <testcase classname="testCases.Test_001_RegisterDDT" name="testResgistration" time="11.704"/>
  <testcase classname="testCases.Test_001_RegisterDDT" name="testResgistration" time="12.648"/>
  <testcase classname="testCases.Test_001_RegisterDDT" name="testResgistration" time="10.516"/>
  <testcase classname="testCases.Test_001_RegisterDDT" name="testResgistration" time="11.636"/>
  <testcase classname="testCases.Test_001_RegisterDDT" name="testResgistration" time="9.350"/>
  <testcase classname="testCases.Test_001_RegisterDDT" name="testResgistration" time="13.785"/>
  <testcase classname="testCases.Test_001_RegisterDDT" name="testResgistration" time="12.554"/>
  <testcase classname="testCases.Test_001_RegisterDDT" name="testResgistration" time="10.386"/>
  <testcase classname="testCases.Test_001_RegisterDDT" name="testResgistration" time="14.033"/>
  <testcase classname="testCases.Test_001_RegisterDDT" name="testResgistration" time="13.472"/>
  <testcase classname="testCases.Test_001_RegisterDDT" name="testResgistration" time="10.388"/>
</testsuite> <!-- testCases.Test_001_RegisterDDT -->
